android/app/build/outputs/logs/manifest-merger-debug-report.txt
-- Merging decision tree log ---
manifest
ADDED from src\main\AndroidManifest.xml:1:1-34:12
	package
		ADDED from src\main\AndroidManifest.xml:2:5-24
		INJECTED from src\main\AndroidManifest.xml
		INJECTED from src\main\AndroidManifest.xml
	android:versionName
		ADDED from src\main\AndroidManifest.xml:4:5-30
		INJECTED from src\main\AndroidManifest.xml
		INJECTED from src\main\AndroidManifest.xml
	android:versionCode
		ADDED from src\main\AndroidManifest.xml:3:5-28
		INJECTED from src\main\AndroidManifest.xml
		INJECTED from src\main\AndroidManifest.xml
	xmlns:android
		ADDED from src\main\AndroidManifest.xml:1:11-69
uses-permission#android.permission.INTERNET
ADDED from src\main\AndroidManifest.xml:6:5-67
	android:name
		ADDED from src\main\AndroidManifest.xml:6:22-64
uses-permission#android.permission.SYSTEM_ALERT_WINDOW
ADDED from src\main\AndroidManifest.xml:7:5-77
MERGED from [com.facebook.react:react-native:0.51.0] AndroidManifest.xml:11:5-78
	android:name
		ADDED from src\main\AndroidManifest.xml:7:22-75
uses-permission#android.permission.CAMERA
ADDED from src\main\AndroidManifest.xml:8:5-65
	android:name
		ADDED from src\main\AndroidManifest.xml:8:22-62
uses-permission#android.permission.WRITE_EXTERNAL_STORAGE
ADDED from src\main\AndroidManifest.xml:9:5-80
	android:name
		ADDED from src\main\AndroidManifest.xml:9:22-78
uses-permission#android.permission.ACCESS_FINE_LOCATION
ADDED from src\main\AndroidManifest.xml:10:5-79
MERGED from [Bihan:react-native-android-location-services-dialog-box:unspecified] AndroidManifest.xml:10:5-79
	android:name
		ADDED from src\main\AndroidManifest.xml:10:22-76
uses-sdk
ADDED from src\main\AndroidManifest.xml:11:5-13:41
MERGED from [Bihan:react-native-material-kit:unspecified] AndroidManifest.xml:5:5-44
MERGED from [Bihan:react-native-imei:unspecified] AndroidManifest.xml:7:5-9:41
MERGED from [Bihan:react-native-image-picker:unspecified] AndroidManifest.xml:7:5-9:41
MERGED from [Bihan:react-native-android-location-services-dialog-box:unspecified] AndroidManifest.xml:5:5-7:41
MERGED from [Bihan:react-native-smart-splash-screen:unspecified] AndroidManifest.xml:7:5-9:41
MERGED from [com.facebook.react:react-native:0.51.0] AndroidManifest.xml:7:5-9:41
MERGED from [com.android.support:appcompat-v7:27.0.1] AndroidManifest.xml:20:5-44
MERGED from [com.android.support:support-fragment:27.0.1] AndroidManifest.xml:20:5-44
MERGED from [com.android.support:support-core-utils:27.0.1] AndroidManifest.xml:20:5-44
MERGED from [com.android.support:animated-vector-drawable:27.0.1] AndroidManifest.xml:20:5-44
MERGED from [com.android.support:support-vector-drawable:27.0.1] AndroidManifest.xml:20:5-44
MERGED from [com.android.support:support-core-ui:27.0.1] AndroidManifest.xml:20:5-44
MERGED from [com.android.support:support-compat:27.0.1] AndroidManifest.xml:20:5-44
MERGED from [android.arch.lifecycle:runtime:1.0.0] AndroidManifest.xml:20:5-22:41
MERGED from [com.facebook.fbui.textlayoutbuilder:textlayoutbuilder:1.0.0] AndroidManifest.xml:14:5-16:41
MERGED from [com.facebook.fresco:fresco:1.3.0] AndroidManifest.xml:5:5-7:41
MERGED from [com.facebook.fresco:drawee:1.3.0] AndroidManifest.xml:5:5-7:41
MERGED from [com.facebook.fresco:imagepipeline-okhttp3:1.3.0] AndroidManifest.xml:5:5-7:41
MERGED from [com.facebook.fresco:imagepipeline:1.3.0] AndroidManifest.xml:5:5-7:41
MERGED from [com.facebook.fresco:imagepipeline-base:1.3.0] AndroidManifest.xml:5:5-7:41
MERGED from [com.facebook.fresco:fbcore:1.3.0] AndroidManifest.xml:5:5-7:41
MERGED from [com.facebook.soloader:soloader:0.1.0] AndroidManifest.xml:2:3-70
	android:targetSdkVersion
		ADDED from src\main\AndroidManifest.xml:13:9-38
		INJECTED from src\main\AndroidManifest.xml
		INJECTED from src\main\AndroidManifest.xml
	android:minSdkVersion
		ADDED from src\main\AndroidManifest.xml:12:9-35
		INJECTED from src\main\AndroidManifest.xml
		INJECTED from src\main\AndroidManifest.xml
application
ADDED from src\main\AndroidManifest.xml:15:5-32:19
MERGED from [Bihan:react-native-image-picker:unspecified] AndroidManifest.xml:11:5-21:19
MERGED from [com.facebook.react:react-native:0.51.0] AndroidManifest.xml:13:5-20
MERGED from [android.arch.lifecycle:runtime:1.0.0] AndroidManifest.xml:24:5-28:19
MERGED from [com.facebook.soloader:soloader:0.1.0] AndroidManifest.xml:3:3-17
MERGED from [org.webkit:android-jsc:r174650] AndroidManifest.xml:2:3-17
	android:label
		ADDED from src\main\AndroidManifest.xml:18:7-39
	android:allowBackup
		ADDED from src\main\AndroidManifest.xml:17:7-33
	android:icon
		ADDED from src\main\AndroidManifest.xml:19:7-41
	android:theme
		ADDED from src\main\AndroidManifest.xml:20:7-38
	android:name
		ADDED from src\main\AndroidManifest.xml:16:7-38
activity#com.bihan.MainActivity
ADDED from src\main\AndroidManifest.xml:21:7-30:18
	android:label
		ADDED from src\main\AndroidManifest.xml:23:9-41
	android:windowSoftInputMode
		ADDED from src\main\AndroidManifest.xml:25:9-51
	android:configChanges
		ADDED from src\main\AndroidManifest.xml:24:9-79
	android:name
		ADDED from src\main\AndroidManifest.xml:22:9-37
intent-filter#android.intent.action.MAIN+android.intent.category.LAUNCHER
ADDED from src\main\AndroidManifest.xml:26:9-29:25
action#android.intent.action.MAIN
ADDED from src\main\AndroidManifest.xml:27:13-65
	android:name
		ADDED from src\main\AndroidManifest.xml:27:21-62
category#android.intent.category.LAUNCHER
ADDED from src\main\AndroidManifest.xml:28:13-73
	android:name
		ADDED from src\main\AndroidManifest.xml:28:23-70
activity#com.facebook.react.devsupport.DevSettingsActivity
ADDED from src\main\AndroidManifest.xml:31:7-84
	android:name
		ADDED from src\main\AndroidManifest.xml:31:17-81
uses-permission#android.permission.READ_PHONE_STATE
ADDED from [Bihan:react-native-imei:unspecified] AndroidManifest.xml:11:5-75
	android:name
		ADDED from [Bihan:react-native-imei:unspecified] AndroidManifest.xml:11:22-72
provider#com.imagepicker.FileProvider
ADDED from [Bihan:react-native-image-picker:unspecified] AndroidManifest.xml:12:9-20:20
	android:authorities
		ADDED from [Bihan:react-native-image-picker:unspecified] AndroidManifest.xml:14:13-60
	android:grantUriPermissions
		ADDED from [Bihan:react-native-image-picker:unspecified] AndroidManifest.xml:16:13-47
	android:exported
		ADDED from [Bihan:react-native-image-picker:unspecified] AndroidManifest.xml:15:13-37
	android:name
		ADDED from [Bihan:react-native-image-picker:unspecified] AndroidManifest.xml:13:13-56
meta-data#android.support.FILE_PROVIDER_PATHS
ADDED from [Bihan:react-native-image-picker:unspecified] AndroidManifest.xml:17:13-19:58
	android:resource
		ADDED from [Bihan:react-native-image-picker:unspecified] AndroidManifest.xml:19:17-55
	android:name
		ADDED from [Bihan:react-native-image-picker:unspecified] AndroidManifest.xml:18:17-67
uses-permission#android.permission.ACCESS_COARSE_LOCATION
ADDED from [Bihan:react-native-android-location-services-dialog-box:unspecified] AndroidManifest.xml:9:5-81
	android:name
		ADDED from [Bihan:react-native-android-location-services-dialog-box:unspecified] AndroidManifest.xml:9:22-78
meta-data#android.arch.lifecycle.VERSION
ADDED from [android.arch.lifecycle:runtime:1.0.0] AndroidManifest.xml:25:9-27:47
	android:value
		ADDED from [android.arch.lifecycle:runtime:1.0.0] AndroidManifest.xml:27:13-44
	android:name
		ADDED from [android.arch.lifecycle:runtime:1.0.0] AndroidManifest.xml:26:13-58
android:uses-permission#android.permission.READ_EXTERNAL_STORAGE
IMPLIED from src\main\AndroidManifest.xml:1:1-34:12 reason: org.webkit.android_jsc requested WRITE_EXTERNAL_STORAGE